/uufs/chpc.utah.edu/common/home/pezzolesi-group2/Illumina_DRAGEN_analyses/72BGEWGS_samples/GLIMPSE/GLIMPSE_merge_filter0.99/BGE_GLIMPSE_fiter0.99_allsamples_chr2.vcf.gz: invalid option -- 'O'

About: Set INFO tags AF, AC, AC_Hemi, AC_Hom, AC_Het, AN, ExcHet, HWE, MAF, NS
       FORMAT tag VAF, custom INFO/TAG=func(FMT/TAG).
       See examples below, run with -l for detailed description.
Usage: bcftools +fill-tags [General Options] -- [Plugin Options]
Options:
   run "bcftools plugin" for a list of common options

Plugin options:
   -d, --drop-missing          do not count half-missing genotypes "./1" as hemizygous
   -l, --list-tags             list available tags with description
   -t, --tags LIST             list of output tags, "all" for all tags
   -S, --samples-file FILE     list of samples (first column) and comma-separated list of populations (second column)

Example:
   # Print a detailed list of available tags
   bcftools +fill-tags -- -l

   # Fill INFO/AN and INFO/AC
   bcftools +fill-tags in.bcf -Ob -o out.bcf -- -t AN,AC

   # Fill (almost) all available tags
   bcftools +fill-tags in.bcf -Ob -o out.bcf -- -t all

   # Calculate HWE for sample groups (possibly multiple) read from a file
   bcftools +fill-tags in.bcf -Ob -o out.bcf -- -S sample-group.txt -t HWE

   # Calculate total read depth (INFO/DP) from per-sample depths (FORMAT/DP)
   bcftools +fill-tags in.bcf -Ob -o out.bcf -- -t 'DP:1=int(sum(DP))'

   # Annotate with allelic fraction
   bcftools +fill-tags in.bcf -Ob -o out.bcf -- -t FORMAT/VAF

[E::hts_open_format] Failed to open file "/uufs/chpc.utah.edu/common/home/pezzolesi-group2/Illumina_DRAGEN_analyses/72BGEWGS_samples/GLIMPSE/GLIMPSE_merge_filter0.99/fill_tags_BGE_GLIMPSE_fiter0.99_allsamples_chr2.vcf.gz" : No such file or directory
Failed to read from /uufs/chpc.utah.edu/common/home/pezzolesi-group2/Illumina_DRAGEN_analyses/72BGEWGS_samples/GLIMPSE/GLIMPSE_merge_filter0.99/fill_tags_BGE_GLIMPSE_fiter0.99_allsamples_chr2.vcf.gz: No such file or directory
[E::hts_open_format] Failed to open file "/uufs/chpc.utah.edu/common/home/pezzolesi-group2/Illumina_DRAGEN_analyses/72BGEWGS_samples/GLIMPSE/GLIMPSE_merge_filter0.99/missingfilter_fill_tags_BGE_GLIMPSE_filter0.99_allsamples_chr2.vcf.gz" : No such file or directory
Failed to read from /uufs/chpc.utah.edu/common/home/pezzolesi-group2/Illumina_DRAGEN_analyses/72BGEWGS_samples/GLIMPSE/GLIMPSE_merge_filter0.99/missingfilter_fill_tags_BGE_GLIMPSE_filter0.99_allsamples_chr2.vcf.gz: No such file or directory
index: failed to open /uufs/chpc.utah.edu/common/home/pezzolesi-group2/Illumina_DRAGEN_analyses/72BGEWGS_samples/GLIMPSE/GLIMPSE_merge_filter0.99/ACfilter_missingfilter_fill_tags_BGE_GLIMPSE_filter0.99_allsamples_chr2.vcf.gz
[E::hts_open_format] Failed to open file "/uufs/chpc.utah.edu/common/home/pezzolesi-group2/Illumina_DRAGEN_analyses/72BGEWGS_samples/GLIMPSE/GLIMPSE_merge_filter0.99/ACfilter_missingfilter_fill_tags_BGE_GLIMPSE_filter0.99_allsamples_chr2.vcf.gz" : No such file or directory
Failed to read from /uufs/chpc.utah.edu/common/home/pezzolesi-group2/Illumina_DRAGEN_analyses/72BGEWGS_samples/GLIMPSE/GLIMPSE_merge_filter0.99/ACfilter_missingfilter_fill_tags_BGE_GLIMPSE_filter0.99_allsamples_chr2.vcf.gz: No such file or directory
index: failed to open /uufs/chpc.utah.edu/common/home/pezzolesi-group2/Illumina_DRAGEN_analyses/72BGEWGS_samples/GLIMPSE/GLIMPSE_merge_filter0.99/ACfilter_missingfilter_fill_tags_BGE_GLIMPSE_filter0.99_allsamples_chr2_decomposed_normalized.vcf.gz
/uufs/kingspeak.peaks/sys/var/slurm/slurmd.spool/kp019//job12723994/slurm_script: line 40: /uufs/chpc.utah.edu/common/home/u1311353/manipulate_VCF/Annotate/standardAnnotation_VCFs_hg38_updated_gnomad_v.sh: No such file or directory
mv: missing destination file operand after '/scratch/general/vast/u1311353/ACfilter_missingfilter_fill_tags_BGE_GLIMPSE_allsamples_chr2_decomposed_normalized/ACfilter_missingfilter_fill_tags_BGE_GLIMPSE_filter0.99_allsamples_chr2.hg38_multianno.vcf.gz'
Try 'mv --help' for more information.
